Build started 9/27/2012 11:49:58 PM.
     1>Project "E:\Users\Brad\Documents\GitHub\GeneticAlgorithm\Fit\Fit.vcxproj" on node 2 (build target(s)).
     1>InitializeBuildStatus:
         Creating "Debug\Fit.unsuccessfulbuild" because "AlwaysCreate" was specified.
       MessageBuildingWithCompiler:
         Building with Intel(R) C++ Compiler XE 12.1
       ClCompile:
         ***** ClCompile (Win32 - Intel C++)
         All outputs are up-to-date.
         E:\Program Files\Intel\Composer XE 2011 SP1\bin\ia32\icl.exe /c /Qvc10 /Qlocation,link,"$(VCInstallDir)\bin" /I"E:\Program Files\Intel\Composer XE 2011 SP1\ipp\include" /Zi /nologo /W3 /O3 /Ot /Oy /Qftz /Qopt-matmul /Qparallel /Quse-intel-optimized-headers /D _IPP_PARALLEL_STATIC /D WIN32 /D _DEBUG /D _CONSOLE /D _UNICODE /D UNICODE /EHsc /MTd /GS /arch:SSE3 /fp:fast=2 /QaxSSE4.1 /QxHost /Zc:wchar_t /Zc:forScope /Yu"StdAfx.h" /Fp"Debug\Fit.pch" /Fo"Debug\\" /Fd"Debug\vc100.pdb" /Gd /TP FittingProgram.cpp /I"E:\Program Files\Intel\Composer XE 2011 SP1\mkl\include" /I"E:\Program Files\Intel\Composer XE 2011 SP1\mkl\include\fftw" /I"E:\Program Files\Intel\Composer XE 2011 SP1\mkl\include\ia32" /Qansi-alias- 
     1>icl : warning #10148: option '/Qftz' not supported
     1>icl : warning #10121: overriding '/archSSE3' with '/QxHost'
         FittingProgram.cpp
       ResourceCompile:
         All outputs are up-to-date.
       ManifestResourceCompile:
         All outputs are up-to-date.
       Link:
         E:\Program Files\Intel\Composer XE 2011 SP1\bin\ia32\xilink.exe /OUT:"E:\Users\Brad\Documents\GitHub\GeneticAlgorithm\Debug\Fit.exe" /INCREMENTAL /NOLOGO /LIBPATH:"E:\Program Files\Intel\Composer XE 2011 SP1\mkl\lib\ia32" /LIBPATH:"E:\Program Files\Intel\Composer XE 2011 SP1\compiler\lib\ia32" /LIBPATH:"E:\Program Files\Intel\Composer XE 2011 SP1\ipp\lib\ia32" mkl_solver.lib mkl_intel_c.lib mkl_intel_thread.lib mkl_core.lib libiomp5md.lib kernel32.lib user32.lib gdi32.lib winspool.lib comdlg32.lib advapi32.lib shell32.lib ole32.lib oleaut32.lib uuid.lib odbc32.lib odbccp32.lib /MANIFEST /ManifestFile:"Debug\Fit.exe.intermediate.manifest" /MANIFESTUAC:"level='asInvoker' uiAccess='false'" /DEBUG /PDB:"E:\Users\Brad\Documents\GitHub\GeneticAlgorithm\Debug\Fit.pdb" /SUBSYSTEM:CONSOLE /TLBID:1 /DYNAMICBASE /NXCOMPAT /IMPLIB:"E:\Users\Brad\Documents\GitHub\GeneticAlgorithm\Debug\Fit.lib" /MACHINE:X86 Debug\Fit.res
         Debug\Fit.exe.embed.manifest.res
         Debug\FittingProgram.obj
         Debug\DataExtractor.obj
         Debug\GeneticAlgorithm2.obj
         Debug\stdafx.obj
         xilink: executing 'link'
       Manifest:
         E:\Program Files\Microsoft SDKs\Windows\v7.0A\bin\mt.exe /nologo /verbose /out:"Debug\Fit.exe.embed.manifest" /manifest Debug\Fit.exe.intermediate.manifest
         All outputs are up-to-date.
       LinkEmbedManifest:
         All outputs are up-to-date.
         Fit.vcxproj -> E:\Users\Brad\Documents\GitHub\GeneticAlgorithm\Debug\Fit.exe
       FinalizeBuildStatus:
         Deleting file "Debug\Fit.unsuccessfulbuild".
         Touching "Debug\Fit.lastbuildstate".
     1>Done Building Project "E:\Users\Brad\Documents\GitHub\GeneticAlgorithm\Fit\Fit.vcxproj" (build target(s)).

Build succeeded.

Time Elapsed 00:00:46.08
