C:\USERS\ROOT\DOCUMENTS\VISUAL STUDIO 2010\PROJECTS\FIT\DEBUG\FIT.EXE
C:\USERS\ROOT\DOCUMENTS\VISUAL STUDIO 2010\PROJECTS\FIT\DEBUG\FIT.ILK
C:\Users\root\Documents\Visual Studio 2010\Projects\Fit\Debug\Fit.pdb
C:\USERS\ROOT\DOCUMENTS\VISUAL STUDIO 2010\PROJECTS\FIT\FIT\DEBUG\DATAEXTRACTOR.OBJ
C:\USERS\ROOT\DOCUMENTS\VISUAL STUDIO 2010\PROJECTS\FIT\FIT\DEBUG\FIT.EXE.EMBED.MANIFEST
C:\USERS\ROOT\DOCUMENTS\VISUAL STUDIO 2010\PROJECTS\FIT\FIT\DEBUG\FIT.EXE.EMBED.MANIFEST.RES
C:\USERS\ROOT\DOCUMENTS\VISUAL STUDIO 2010\PROJECTS\FIT\FIT\DEBUG\FIT.EXE.INTERMEDIATE.MANIFEST
C:\USERS\ROOT\DOCUMENTS\VISUAL STUDIO 2010\PROJECTS\FIT\FIT\DEBUG\FIT.PCHI
C:\USERS\ROOT\DOCUMENTS\VISUAL STUDIO 2010\PROJECTS\FIT\FIT\DEBUG\FIT.RES
C:\Users\root\Documents\Visual Studio 2010\Projects\Fit\Fit\Debug\Fit_manifest.rc
C:\USERS\ROOT\DOCUMENTS\VISUAL STUDIO 2010\PROJECTS\FIT\FIT\DEBUG\FITTINGPROGRAM.OBJ
C:\USERS\ROOT\DOCUMENTS\VISUAL STUDIO 2010\PROJECTS\FIT\FIT\DEBUG\GENETICALGORITHM.OBJ
C:\USERS\ROOT\DOCUMENTS\VISUAL STUDIO 2010\PROJECTS\FIT\FIT\DEBUG\GENETICALGORITHM2.OBJ
C:\Users\root\Documents\Visual Studio 2010\Projects\Fit\Fit\Debug\icl.command.1.tlog
C:\Users\root\Documents\Visual Studio 2010\Projects\Fit\Fit\Debug\icl.read.1.tlog
C:\Users\root\Documents\Visual Studio 2010\Projects\Fit\Fit\Debug\icl.write.1.tlog
C:\Users\root\Documents\Visual Studio 2010\Projects\Fit\Fit\Debug\icl-mcpcom.read.1.tlog
C:\Users\root\Documents\Visual Studio 2010\Projects\Fit\Fit\Debug\icl-mcpcom.write.1.tlog
C:\Users\root\Documents\Visual Studio 2010\Projects\Fit\Fit\Debug\mt.command.1.tlog
C:\Users\root\Documents\Visual Studio 2010\Projects\Fit\Fit\Debug\mt.read.1.tlog
C:\Users\root\Documents\Visual Studio 2010\Projects\Fit\Fit\Debug\mt.write.1.tlog
C:\Users\root\Documents\Visual Studio 2010\Projects\Fit\Fit\Debug\rc.command.1.tlog
C:\Users\root\Documents\Visual Studio 2010\Projects\Fit\Fit\Debug\rc.read.1.tlog
C:\Users\root\Documents\Visual Studio 2010\Projects\Fit\Fit\Debug\rc.write.1.tlog
C:\USERS\ROOT\DOCUMENTS\VISUAL STUDIO 2010\PROJECTS\FIT\FIT\DEBUG\STDAFX.OBJ
C:\USERS\ROOT\DOCUMENTS\VISUAL STUDIO 2010\PROJECTS\FIT\FIT\DEBUG\VC100.PDB
C:\Users\root\Documents\Visual Studio 2010\Projects\Fit\Fit\Debug\xilink.command.1.tlog
C:\Users\root\Documents\Visual Studio 2010\Projects\Fit\Fit\Debug\xilink.read.1.tlog
C:\Users\root\Documents\Visual Studio 2010\Projects\Fit\Fit\Debug\xilink.write.1.tlog
C:\Users\root\Documents\Visual Studio 2010\Projects\Fit\Fit\Debug\xilink-link.1308.read.1.tlog
C:\Users\root\Documents\Visual Studio 2010\Projects\Fit\Fit\Debug\xilink-link.1308.write.1.tlog
C:\Users\root\Documents\Visual Studio 2010\Projects\Fit\Fit\Debug\xilink-link.1308-cvtres.read.1.tlog
C:\Users\root\Documents\Visual Studio 2010\Projects\Fit\Fit\Debug\xilink-link.1308-cvtres.write.1.tlog
C:\Users\root\Documents\Visual Studio 2010\Projects\Fit\Fit\Debug\xilink-link.5288.read.1.tlog
C:\Users\root\Documents\Visual Studio 2010\Projects\Fit\Fit\Debug\xilink-link.5288.write.1.tlog
C:\Users\root\Documents\Visual Studio 2010\Projects\Fit\Fit\Debug\xilink-link.5288-cvtres.read.1.tlog
C:\Users\root\Documents\Visual Studio 2010\Projects\Fit\Fit\Debug\xilink-link.5288-cvtres.write.1.tlog
C:\Users\root\Documents\Visual Studio 2010\Projects\Fit\Fit\Debug\xilink-link.5300.read.1.tlog
C:\Users\root\Documents\Visual Studio 2010\Projects\Fit\Fit\Debug\xilink-link.5300.write.1.tlog
C:\Users\root\Documents\Visual Studio 2010\Projects\Fit\Fit\Debug\xilink-link.5300-cvtres.read.1.tlog
C:\Users\root\Documents\Visual Studio 2010\Projects\Fit\Fit\Debug\xilink-link.5300-cvtres.write.1.tlog
C:\Users\root\Documents\Visual Studio 2010\Projects\Fit\Fit\Debug\xilink-link.5688.read.1.tlog
C:\Users\root\Documents\Visual Studio 2010\Projects\Fit\Fit\Debug\xilink-link.5688.write.1.tlog
C:\Users\root\Documents\Visual Studio 2010\Projects\Fit\Fit\Debug\xilink-link.5688-cvtres.read.1.tlog
C:\Users\root\Documents\Visual Studio 2010\Projects\Fit\Fit\Debug\xilink-link.5688-cvtres.write.1.tlog
C:\Users\root\Documents\Visual Studio 2010\Projects\Fit\Fit\Debug\xilink-link.6100.read.1.tlog
C:\Users\root\Documents\Visual Studio 2010\Projects\Fit\Fit\Debug\xilink-link.6100.write.1.tlog
C:\Users\root\Documents\Visual Studio 2010\Projects\Fit\Fit\Debug\xilink-link.6100-cvtres.read.1.tlog
C:\Users\root\Documents\Visual Studio 2010\Projects\Fit\Fit\Debug\xilink-link.6100-cvtres.write.1.tlog
C:\Users\root\Documents\Visual Studio 2010\Projects\Fit\Fit\Debug\xilink-link.7528.read.1.tlog
C:\Users\root\Documents\Visual Studio 2010\Projects\Fit\Fit\Debug\xilink-link.7528.write.1.tlog
C:\Users\root\Documents\Visual Studio 2010\Projects\Fit\Fit\Debug\xilink-link.7528-cvtres.read.1.tlog
C:\Users\root\Documents\Visual Studio 2010\Projects\Fit\Fit\Debug\xilink-link.7528-cvtres.write.1.tlog
C:\Users\root\Documents\Visual Studio 2010\Projects\Fit\Fit\Debug\xilink-link.7968.read.1.tlog
C:\Users\root\Documents\Visual Studio 2010\Projects\Fit\Fit\Debug\xilink-link.7968.write.1.tlog
C:\Users\root\Documents\Visual Studio 2010\Projects\Fit\Fit\Debug\xilink-link.7968-cvtres.read.1.tlog
C:\Users\root\Documents\Visual Studio 2010\Projects\Fit\Fit\Debug\xilink-link.7968-cvtres.write.1.tlog
C:\Users\root\Documents\Visual Studio 2010\Projects\Fit\Fit\Debug\xilink-link.read.1.tlog
C:\Users\root\Documents\Visual Studio 2010\Projects\Fit\Fit\Debug\xilink-link.write.1.tlog
C:\Users\root\Documents\Visual Studio 2010\Projects\Fit\Fit\Debug\xilink-link-cvtres.read.1.tlog
C:\Users\root\Documents\Visual Studio 2010\Projects\Fit\Fit\Debug\xilink-link-cvtres.write.1.tlog
C:\Users\root\Documents\Visual Studio 2010\Projects\Fit\Fit\Debug\xilink-mcpcom.read.1.tlog
C:\Users\root\Documents\Visual Studio 2010\Projects\Fit\Fit\Debug\xilink-mcpcom.write.1.tlog
